<?xml version="1.0" encoding="UTF-8"?>
<testsuite xmlns:xsi="http://www.w3.org/2001/XMLSchema-instance" xsi:noNamespaceSchemaLocation="https://maven.apache.org/surefire/maven-surefire-plugin/xsd/surefire-test-report-3.0.xsd" version="3.0" name="org.radickins.ssa.AppContextTest" time="0.402" tests="1" errors="0" skipped="0" failures="0">
  <properties>
    <property name="java.specification.version" value="21"/>
    <property name="sun.jnu.encoding" value="UTF-8"/>
    <property name="java.class.path" value="/Users/robd/dev/git/github/spring-security-advisors/target/test-classes:/Users/robd/dev/git/github/spring-security-advisors/target/classes:/Users/robd/dev/m2/repo/javax/annotation/javax.annotation-api/1.3.2/javax.annotation-api-1.3.2.jar:/Users/robd/dev/m2/repo/javax/el/javax.el-api/3.0.0/javax.el-api-3.0.0.jar:/Users/robd/dev/m2/repo/jakarta/inject/jakarta.inject-api/1.0.3/jakarta.inject-api-1.0.3.jar:/Users/robd/dev/m2/repo/org/springframework/spring-core/5.3.32/spring-core-5.3.32.jar:/Users/robd/dev/m2/repo/org/springframework/spring-jcl/5.3.32/spring-jcl-5.3.32.jar:/Users/robd/dev/m2/repo/org/springframework/spring-beans/5.3.32/spring-beans-5.3.32.jar:/Users/robd/dev/m2/repo/org/springframework/spring-aop/5.3.32/spring-aop-5.3.32.jar:/Users/robd/dev/m2/repo/org/springframework/spring-aspects/5.3.32/spring-aspects-5.3.32.jar:/Users/robd/dev/m2/repo/org/springframework/spring-expression/5.3.32/spring-expression-5.3.32.jar:/Users/robd/dev/m2/repo/org/springframework/spring-tx/5.3.32/spring-tx-5.3.32.jar:/Users/robd/dev/m2/repo/org/springframework/spring-context/5.3.32/spring-context-5.3.32.jar:/Users/robd/dev/m2/repo/org/springframework/spring-context-support/5.3.32/spring-context-support-5.3.32.jar:/Users/robd/dev/m2/repo/org/springframework/security/spring-security-config/5.8.13/spring-security-config-5.8.13.jar:/Users/robd/dev/m2/repo/org/springframework/security/spring-security-core/5.8.13/spring-security-core-5.8.13.jar:/Users/robd/dev/m2/repo/org/springframework/security/spring-security-crypto/5.8.13/spring-security-crypto-5.8.13.jar:/Users/robd/dev/m2/repo/org/aspectj/aspectjrt/1.9.7/aspectjrt-1.9.7.jar:/Users/robd/dev/m2/repo/org/aspectj/aspectjweaver/1.9.7/aspectjweaver-1.9.7.jar:/Users/robd/dev/m2/repo/org/slf4j/slf4j-api/2.0.9/slf4j-api-2.0.9.jar:/Users/robd/dev/m2/repo/org/slf4j/jcl-over-slf4j/2.0.9/jcl-over-slf4j-2.0.9.jar:/Users/robd/dev/m2/repo/org/apache/logging/log4j/log4j-to-slf4j/2.23.1/log4j-to-slf4j-2.23.1.jar:/Users/robd/dev/m2/repo/org/apache/logging/log4j/log4j-api/2.23.1/log4j-api-2.23.1.jar:/Users/robd/dev/m2/repo/ch/qos/logback/logback-classic/1.4.14/logback-classic-1.4.14.jar:/Users/robd/dev/m2/repo/ch/qos/logback/logback-core/1.4.14/logback-core-1.4.14.jar:/Users/robd/dev/m2/repo/ch/qos/logback/logback-access/1.4.14/logback-access-1.4.14.jar:/Users/robd/dev/m2/repo/org/apache/commons/commons-lang3/3.13.0/commons-lang3-3.13.0.jar:/Users/robd/dev/m2/repo/org/apache/commons/commons-collections4/4.4/commons-collections4-4.4.jar:/Users/robd/dev/m2/repo/org/junit/jupiter/junit-jupiter-api/5.10.2/junit-jupiter-api-5.10.2.jar:/Users/robd/dev/m2/repo/org/opentest4j/opentest4j/1.3.0/opentest4j-1.3.0.jar:/Users/robd/dev/m2/repo/org/junit/platform/junit-platform-commons/1.10.2/junit-platform-commons-1.10.2.jar:/Users/robd/dev/m2/repo/org/apiguardian/apiguardian-api/1.1.2/apiguardian-api-1.1.2.jar:/Users/robd/dev/m2/repo/org/junit/jupiter/junit-jupiter-engine/5.10.2/junit-jupiter-engine-5.10.2.jar:/Users/robd/dev/m2/repo/org/junit/platform/junit-platform-engine/1.10.2/junit-platform-engine-1.10.2.jar:/Users/robd/dev/m2/repo/org/springframework/spring-test/5.3.32/spring-test-5.3.32.jar:/Users/robd/dev/m2/repo/org/springframework/security/spring-security-test/5.8.13/spring-security-test-5.8.13.jar:/Users/robd/dev/m2/repo/org/springframework/security/spring-security-web/5.8.13/spring-security-web-5.8.13.jar:/Users/robd/dev/m2/repo/org/springframework/spring-web/5.3.37/spring-web-5.3.37.jar:"/>
    <property name="java.vm.vendor" value="Homebrew"/>
    <property name="sun.arch.data.model" value="64"/>
    <property name="java.vendor.url" value="https://github.com/Homebrew/homebrew-core/issues"/>
    <property name="user.timezone" value="Europe/London"/>
    <property name="os.name" value="Mac OS X"/>
    <property name="java.vm.specification.version" value="21"/>
    <property name="sun.java.launcher" value="SUN_STANDARD"/>
    <property name="user.country" value="GB"/>
    <property name="sun.boot.library.path" value="/opt/homebrew/Cellar/openjdk/21.0.2/libexec/openjdk.jdk/Contents/Home/lib"/>
    <property name="sun.java.command" value="/Users/robd/dev/git/github/spring-security-advisors/target/surefire/surefirebooter-20240816153317917_3.jar /Users/robd/dev/git/github/spring-security-advisors/target/surefire 2024-08-16T15-33-16_574-jvmRun1 surefire-20240816153317917_1tmp surefire_0-20240816153317917_2tmp"/>
    <property name="http.nonProxyHosts" value="local|*.local|169.254/16|*.169.254/16"/>
    <property name="jdk.debug" value="release"/>
    <property name="surefire.test.class.path" value="/Users/robd/dev/git/github/spring-security-advisors/target/test-classes:/Users/robd/dev/git/github/spring-security-advisors/target/classes:/Users/robd/dev/m2/repo/javax/annotation/javax.annotation-api/1.3.2/javax.annotation-api-1.3.2.jar:/Users/robd/dev/m2/repo/javax/el/javax.el-api/3.0.0/javax.el-api-3.0.0.jar:/Users/robd/dev/m2/repo/jakarta/inject/jakarta.inject-api/1.0.3/jakarta.inject-api-1.0.3.jar:/Users/robd/dev/m2/repo/org/springframework/spring-core/5.3.32/spring-core-5.3.32.jar:/Users/robd/dev/m2/repo/org/springframework/spring-jcl/5.3.32/spring-jcl-5.3.32.jar:/Users/robd/dev/m2/repo/org/springframework/spring-beans/5.3.32/spring-beans-5.3.32.jar:/Users/robd/dev/m2/repo/org/springframework/spring-aop/5.3.32/spring-aop-5.3.32.jar:/Users/robd/dev/m2/repo/org/springframework/spring-aspects/5.3.32/spring-aspects-5.3.32.jar:/Users/robd/dev/m2/repo/org/springframework/spring-expression/5.3.32/spring-expression-5.3.32.jar:/Users/robd/dev/m2/repo/org/springframework/spring-tx/5.3.32/spring-tx-5.3.32.jar:/Users/robd/dev/m2/repo/org/springframework/spring-context/5.3.32/spring-context-5.3.32.jar:/Users/robd/dev/m2/repo/org/springframework/spring-context-support/5.3.32/spring-context-support-5.3.32.jar:/Users/robd/dev/m2/repo/org/springframework/security/spring-security-config/5.8.13/spring-security-config-5.8.13.jar:/Users/robd/dev/m2/repo/org/springframework/security/spring-security-core/5.8.13/spring-security-core-5.8.13.jar:/Users/robd/dev/m2/repo/org/springframework/security/spring-security-crypto/5.8.13/spring-security-crypto-5.8.13.jar:/Users/robd/dev/m2/repo/org/aspectj/aspectjrt/1.9.7/aspectjrt-1.9.7.jar:/Users/robd/dev/m2/repo/org/aspectj/aspectjweaver/1.9.7/aspectjweaver-1.9.7.jar:/Users/robd/dev/m2/repo/org/slf4j/slf4j-api/2.0.9/slf4j-api-2.0.9.jar:/Users/robd/dev/m2/repo/org/slf4j/jcl-over-slf4j/2.0.9/jcl-over-slf4j-2.0.9.jar:/Users/robd/dev/m2/repo/org/apache/logging/log4j/log4j-to-slf4j/2.23.1/log4j-to-slf4j-2.23.1.jar:/Users/robd/dev/m2/repo/org/apache/logging/log4j/log4j-api/2.23.1/log4j-api-2.23.1.jar:/Users/robd/dev/m2/repo/ch/qos/logback/logback-classic/1.4.14/logback-classic-1.4.14.jar:/Users/robd/dev/m2/repo/ch/qos/logback/logback-core/1.4.14/logback-core-1.4.14.jar:/Users/robd/dev/m2/repo/ch/qos/logback/logback-access/1.4.14/logback-access-1.4.14.jar:/Users/robd/dev/m2/repo/org/apache/commons/commons-lang3/3.13.0/commons-lang3-3.13.0.jar:/Users/robd/dev/m2/repo/org/apache/commons/commons-collections4/4.4/commons-collections4-4.4.jar:/Users/robd/dev/m2/repo/org/junit/jupiter/junit-jupiter-api/5.10.2/junit-jupiter-api-5.10.2.jar:/Users/robd/dev/m2/repo/org/opentest4j/opentest4j/1.3.0/opentest4j-1.3.0.jar:/Users/robd/dev/m2/repo/org/junit/platform/junit-platform-commons/1.10.2/junit-platform-commons-1.10.2.jar:/Users/robd/dev/m2/repo/org/apiguardian/apiguardian-api/1.1.2/apiguardian-api-1.1.2.jar:/Users/robd/dev/m2/repo/org/junit/jupiter/junit-jupiter-engine/5.10.2/junit-jupiter-engine-5.10.2.jar:/Users/robd/dev/m2/repo/org/junit/platform/junit-platform-engine/1.10.2/junit-platform-engine-1.10.2.jar:/Users/robd/dev/m2/repo/org/springframework/spring-test/5.3.32/spring-test-5.3.32.jar:/Users/robd/dev/m2/repo/org/springframework/security/spring-security-test/5.8.13/spring-security-test-5.8.13.jar:/Users/robd/dev/m2/repo/org/springframework/security/spring-security-web/5.8.13/spring-security-web-5.8.13.jar:/Users/robd/dev/m2/repo/org/springframework/spring-web/5.3.37/spring-web-5.3.37.jar:"/>
    <property name="sun.cpu.endian" value="little"/>
    <property name="user.home" value="/Users/robd"/>
    <property name="user.language" value="en"/>
    <property name="java.specification.vendor" value="Oracle Corporation"/>
    <property name="java.version.date" value="2024-01-16"/>
    <property name="java.home" value="/opt/homebrew/Cellar/openjdk/21.0.2/libexec/openjdk.jdk/Contents/Home"/>
    <property name="file.separator" value="/"/>
    <property name="basedir" value="/Users/robd/dev/git/github/spring-security-advisors"/>
    <property name="java.vm.compressedOopsMode" value="Zero based"/>
    <property name="line.separator" value="&#10;"/>
    <property name="java.vm.specification.vendor" value="Oracle Corporation"/>
    <property name="java.specification.name" value="Java Platform API Specification"/>
    <property name="apple.awt.application.name" value="ForkedBooter"/>
    <property name="surefire.real.class.path" value="/Users/robd/dev/git/github/spring-security-advisors/target/surefire/surefirebooter-20240816153317917_3.jar"/>
    <property name="sun.management.compiler" value="HotSpot 64-Bit Tiered Compilers"/>
    <property name="ftp.nonProxyHosts" value="local|*.local|169.254/16|*.169.254/16"/>
    <property name="java.runtime.version" value="21.0.2"/>
    <property name="user.name" value="robd"/>
    <property name="stdout.encoding" value="UTF-8"/>
    <property name="path.separator" value=":"/>
    <property name="os.version" value="14.6.1"/>
    <property name="java.runtime.name" value="OpenJDK Runtime Environment"/>
    <property name="file.encoding" value="UTF-8"/>
    <property name="java.vm.name" value="OpenJDK 64-Bit Server VM"/>
    <property name="java.vendor.version" value="Homebrew"/>
    <property name="localRepository" value="/Users/robd/dev/m2/repo"/>
    <property name="java.vendor.url.bug" value="https://github.com/Homebrew/homebrew-core/issues"/>
    <property name="java.io.tmpdir" value="/var/folders/zp/dk82_t1x16n4xmt6psntgv2m0000gn/T/"/>
    <property name="java.version" value="21.0.2"/>
    <property name="user.dir" value="/Users/robd/dev/git/github/spring-security-advisors"/>
    <property name="os.arch" value="aarch64"/>
    <property name="java.vm.specification.name" value="Java Virtual Machine Specification"/>
    <property name="native.encoding" value="UTF-8"/>
    <property name="java.library.path" value="/Users/robd/Library/Java/Extensions:/Library/Java/Extensions:/Network/Library/Java/Extensions:/System/Library/Java/Extensions:/usr/lib/java:."/>
    <property name="java.vm.info" value="mixed mode, sharing"/>
    <property name="stderr.encoding" value="UTF-8"/>
    <property name="java.vendor" value="Homebrew"/>
    <property name="java.vm.version" value="21.0.2"/>
    <property name="sun.io.unicode.encoding" value="UnicodeBig"/>
    <property name="socksNonProxyHosts" value="local|*.local|169.254/16|*.169.254/16"/>
    <property name="java.class.version" value="65.0"/>
  </properties>
  <testcase name="testLoadContext" classname="org.radickins.ssa.AppContextTest" time="0.013">
    <system-out><![CDATA[2024-08-16 15:33:18,537 [main] DEBUG o.r.s.s.CustomExpressionHandler - CustomExpressionHandler constructor. 
2024-08-16 15:33:18,581 [main] DEBUG org.radickins.ssa.AppContextTest - ******************** 
2024-08-16 15:33:18,581 [main] DEBUG org.radickins.ssa.AppContextTest - BEAN = org.springframework.context.annotation.internalConfigurationAnnotationProcessor 
2024-08-16 15:33:18,582 [main] DEBUG org.radickins.ssa.AppContextTest - 	Type = class org.springframework.context.annotation.ConfigurationClassPostProcessor 
2024-08-16 15:33:18,582 [main] DEBUG org.radickins.ssa.AppContextTest - BEAN = org.springframework.context.annotation.internalAutowiredAnnotationProcessor 
2024-08-16 15:33:18,582 [main] DEBUG org.radickins.ssa.AppContextTest - 	Type = class org.springframework.beans.factory.annotation.AutowiredAnnotationBeanPostProcessor 
2024-08-16 15:33:18,582 [main] DEBUG org.radickins.ssa.AppContextTest - BEAN = org.springframework.context.annotation.internalCommonAnnotationProcessor 
2024-08-16 15:33:18,582 [main] DEBUG org.radickins.ssa.AppContextTest - 	Type = class org.springframework.context.annotation.CommonAnnotationBeanPostProcessor 
2024-08-16 15:33:18,582 [main] DEBUG org.radickins.ssa.AppContextTest - BEAN = org.springframework.context.event.internalEventListenerProcessor 
2024-08-16 15:33:18,582 [main] DEBUG org.radickins.ssa.AppContextTest - 	Type = class org.springframework.context.event.EventListenerMethodProcessor 
2024-08-16 15:33:18,582 [main] DEBUG org.radickins.ssa.AppContextTest - BEAN = org.springframework.context.event.internalEventListenerFactory 
2024-08-16 15:33:18,582 [main] DEBUG org.radickins.ssa.AppContextTest - 	Type = class org.springframework.context.event.DefaultEventListenerFactory 
2024-08-16 15:33:18,582 [main] DEBUG org.radickins.ssa.AppContextTest - BEAN = springConfiguration 
2024-08-16 15:33:18,582 [main] DEBUG org.radickins.ssa.AppContextTest - 	Type = class org.radickins.ssa.SpringConfiguration$$EnhancerBySpringCGLIB$$c3316e5e 
2024-08-16 15:33:18,582 [main] DEBUG org.radickins.ssa.AppContextTest - BEAN = securityConfiguration 
2024-08-16 15:33:18,582 [main] DEBUG org.radickins.ssa.AppContextTest - 	Type = class org.radickins.ssa.SecurityConfiguration$$EnhancerBySpringCGLIB$$74d9296b 
2024-08-16 15:33:18,582 [main] DEBUG org.radickins.ssa.AppContextTest - BEAN = expressionHandler 
2024-08-16 15:33:18,582 [main] DEBUG org.radickins.ssa.AppContextTest - 	Type = class org.radickins.ssa.security.CustomExpressionHandler 
2024-08-16 15:33:18,582 [main] DEBUG org.radickins.ssa.AppContextTest - BEAN = securityPermissionEvaluator 
2024-08-16 15:33:18,582 [main] DEBUG org.radickins.ssa.AppContextTest - 	Type = class org.radickins.ssa.security.CustomPermissionEvaluator 
2024-08-16 15:33:18,582 [main] DEBUG org.radickins.ssa.AppContextTest - BEAN = securedService 
2024-08-16 15:33:18,583 [main] DEBUG org.radickins.ssa.AppContextTest - 	Type = class jdk.proxy2.$Proxy42 
2024-08-16 15:33:18,583 [main] DEBUG org.radickins.ssa.AppContextTest - BEAN = org.springframework.security.config.annotation.method.configuration.PrePostMethodSecurityConfiguration 
2024-08-16 15:33:18,583 [main] DEBUG org.radickins.ssa.AppContextTest - 	Type = class org.springframework.security.config.annotation.method.configuration.PrePostMethodSecurityConfiguration 
2024-08-16 15:33:18,583 [main] DEBUG org.radickins.ssa.AppContextTest - BEAN = preFilterAuthorizationMethodInterceptor 
2024-08-16 15:33:18,583 [main] DEBUG org.radickins.ssa.AppContextTest - 	Type = class org.springframework.security.authorization.method.PreFilterAuthorizationMethodInterceptor 
2024-08-16 15:33:18,583 [main] DEBUG org.radickins.ssa.AppContextTest - BEAN = preAuthorizeAuthorizationMethodInterceptor 
2024-08-16 15:33:18,583 [main] DEBUG org.radickins.ssa.AppContextTest - 	Type = class org.springframework.security.authorization.method.AuthorizationManagerBeforeMethodInterceptor 
2024-08-16 15:33:18,583 [main] DEBUG org.radickins.ssa.AppContextTest - BEAN = postAuthorizeAuthorizationMethodInterceptor 
2024-08-16 15:33:18,583 [main] DEBUG org.radickins.ssa.AppContextTest - 	Type = class org.springframework.security.authorization.method.AuthorizationManagerAfterMethodInterceptor 
2024-08-16 15:33:18,583 [main] DEBUG org.radickins.ssa.AppContextTest - BEAN = postFilterAuthorizationMethodInterceptor 
2024-08-16 15:33:18,583 [main] DEBUG org.radickins.ssa.AppContextTest - 	Type = class org.springframework.security.authorization.method.PostFilterAuthorizationMethodInterceptor 
2024-08-16 15:33:18,583 [main] DEBUG org.radickins.ssa.AppContextTest - BEAN = org.springframework.aop.config.internalAutoProxyCreator 
2024-08-16 15:33:18,583 [main] DEBUG org.radickins.ssa.AppContextTest - 	Type = class org.springframework.aop.aspectj.annotation.AnnotationAwareAspectJAutoProxyCreator 
2024-08-16 15:33:18,583 [main] DEBUG org.radickins.ssa.AppContextTest - BEAN = preFilterAuthorizationAdvisor 
2024-08-16 15:33:18,583 [main] DEBUG org.radickins.ssa.AppContextTest - 	Type = class org.springframework.security.authorization.method.PreFilterAuthorizationMethodInterceptor 
2024-08-16 15:33:18,583 [main] DEBUG org.radickins.ssa.AppContextTest - BEAN = preAuthorizeAuthorizationAdvisor 
2024-08-16 15:33:18,583 [main] DEBUG org.radickins.ssa.AppContextTest - 	Type = class org.springframework.security.authorization.method.AuthorizationManagerBeforeMethodInterceptor 
2024-08-16 15:33:18,584 [main] DEBUG org.radickins.ssa.AppContextTest - BEAN = postFilterAuthorizationAdvisor 
2024-08-16 15:33:18,584 [main] DEBUG org.radickins.ssa.AppContextTest - 	Type = class org.springframework.security.authorization.method.PostFilterAuthorizationMethodInterceptor 
2024-08-16 15:33:18,584 [main] DEBUG org.radickins.ssa.AppContextTest - BEAN = postAuthorizeAuthorizationAdvisor 
2024-08-16 15:33:18,584 [main] DEBUG org.radickins.ssa.AppContextTest - 	Type = class org.springframework.security.authorization.method.AuthorizationManagerAfterMethodInterceptor 
2024-08-16 15:33:18,584 [main] DEBUG org.radickins.ssa.AppContextTest - BEAN = org.springframework.context.annotation.aspectj.SpringConfiguredConfiguration 
2024-08-16 15:33:18,584 [main] DEBUG org.radickins.ssa.AppContextTest - 	Type = class org.springframework.context.annotation.aspectj.SpringConfiguredConfiguration$$EnhancerBySpringCGLIB$$7cd4045e 
2024-08-16 15:33:18,584 [main] DEBUG org.radickins.ssa.AppContextTest - BEAN = org.springframework.context.config.internalBeanConfigurerAspect 
2024-08-16 15:33:18,584 [main] DEBUG org.radickins.ssa.AppContextTest - 	Type = class org.springframework.beans.factory.aspectj.AnnotationBeanConfigurerAspect 
2024-08-16 15:33:18,584 [main] DEBUG org.radickins.ssa.AppContextTest - BEAN = org.springframework.scheduling.annotation.ProxyAsyncConfiguration 
2024-08-16 15:33:18,584 [main] DEBUG org.radickins.ssa.AppContextTest - 	Type = class org.springframework.scheduling.annotation.ProxyAsyncConfiguration 
2024-08-16 15:33:18,584 [main] DEBUG org.radickins.ssa.AppContextTest - BEAN = org.springframework.context.annotation.internalAsyncAnnotationProcessor 
2024-08-16 15:33:18,584 [main] DEBUG org.radickins.ssa.AppContextTest - 	Type = class org.springframework.scheduling.annotation.AsyncAnnotationBeanPostProcessor 
2024-08-16 15:33:18,584 [main] DEBUG org.radickins.ssa.AppContextTest - *** Number of Beans = 24 *** 
2024-08-16 15:33:18,585 [main] DEBUG org.radickins.ssa.AppContextTest - Spring context loaded and tests running. 
]]></system-out>
  </testcase>
</testsuite>